Engine: Init
GSM: Init
Engine: Update
GSM: Update
Omega: Load
Omega: Init
Error:  StreamOpen could not open file Data/None.txt: No such file or directory
Error:  StreamOpen could not open file Data/None.txt: No such file or directory
Error:  StreamOpen could not open file Data/None.txt: No such file or directory
Omega: Update
Engine: Update
GSM: Update
Omega: Update
Engine: Update
GSM: Update
Omega: Update
Engine: Update
GSM: Update
Omega: Update
Engine: Update
GSM: Update
Omega: Update
Engine: Update
GSM: Update
Omega: Update
Engine: Update
GSM: Update
Omega: Update
Engine: Update
GSM: Update
Omega: Update
Engine: Update
GSM: Update
Omega: Update
Engine: Update
GSM: Update
Omega: Update
Engine: Update
GSM: Update
Omega: Update
Engine: Update
GSM: Update
Omega: Update
Engine: Update
GSM: Update
Omega: Update
Engine: Update
GSM: Update
Omega: Update
Engine: Update
GSM: Update
Omega: Update
Engine: Update
GSM: Update
Omega: Update
Engine: Update
GSM: Update
Omega: Update
Engine: Update
GSM: Update
Omega: Update
Engine: Update
GSM: Update
Omega: Update
Engine: Update
GSM: Update
Omega: Update
Engine: Update
GSM: Update
Omega: Update
Engine: Update
GSM: Update
Omega: Update
Engine: Update
GSM: Update
Omega: Update
Engine: Update
GSM: Update
Omega: Update
Engine: Update
GSM: Update
Omega: Update
Engine: Update
GSM: Update
Omega: Update
Engine: Update
GSM: Update
Omega: Update
Engine: Update
GSM: Update
Omega: Update
Engine: Update
GSM: Update
Omega: Update
Engine: Update
GSM: Update
Omega: Update
Engine: Update
GSM: Update
Omega: Update
Engine: Update
GSM: Update
Omega: Update
Engine: Update
GSM: Update
Omega: Update
Engine: Update
GSM: Update
Omega: Update
Engine: Update
GSM: Update
Omega: Update
Engine: Update
GSM: Update
Omega: Update
Engine: Update
GSM: Update
Omega: Update
Engine: Update
GSM: Update
Omega: Update
Engine: Update
GSM: Update
Omega: Update
Engine: Update
GSM: Update
Omega: Update
Engine: Update
GSM: Update
Omega: Update
Engine: Update
GSM: Update
Omega: Update
Engine: Update
GSM: Update
Omega: Update
Engine: Update
GSM: Update
Omega: Update
Engine: Update
GSM: Update
Omega: Update
Engine: Update
GSM: Update
Omega: Update
Engine: Update
GSM: Update
Omega: Update
Engine: Update
GSM: Update
Omega: Update
Engine: Update
GSM: Update
Omega: Update
Engine: Update
GSM: Update
Omega: Update
Engine: Update
GSM: Update
Omega: Update
Engine: Update
GSM: Update
Omega: Update
Engine: Update
GSM: Update
Omega: Update
Engine: Update
GSM: Update
Omega: Update
Engine: Update
GSM: Update
Omega: Update
Engine: Update
GSM: Update
Omega: Update
Engine: Update
GSM: Update
Omega: Update
Engine: Update
GSM: Update
Omega: Shutdown
Omega: Unload
Level1: Load
Level1: Init
Error:  StreamOpen could not open file Data/None.txt: No such file or directory
Error:  StreamOpen could not open file Data/None.txt: No such file or directory
SpriteSetFrame: frame index = 0
Error:  StreamOpen could not open file Data/None.txt: No such file or directory
Error:  StreamOpen could not open file Data/None.txt: No such file or directory
SpriteSetFrame: frame index = 0
SpriteSetFrame: frame index = 0
Error:  StreamOpen could not open file Data/None.txt: No such file or directory
Error:  StreamOpen could not open file Data/None.txt: No such file or directory
Level1: Update
Engine: Update
GSM: Update
Level1: Update
Engine: Update
GSM: Update
Level1: Update
Engine: Update
GSM: Update
Level1: Update
Engine: Update
GSM: Update
Level1: Update
Engine: Update
GSM: Update
Level1: Update
Engine: Update
GSM: Update
Level1: Update
Engine: Update
GSM: Update
Level1: Update
Engine: Update
GSM: Update
Level1: Update
Engine: Update
GSM: Update
Level1: Update
Engine: Update
GSM: Update
Level1: Update
Engine: Update
GSM: Update
Level1: Update
Engine: Update
GSM: Update
Level1: Update
Engine: Update
GSM: Update
Level1: Update
Engine: Update
GSM: Update
Level1: Update
Engine: Update
GSM: Update
Level1: Update
Engine: Update
GSM: Update
Level1: Update
Engine: Update
GSM: Update
Level1: Update
Engine: Update
GSM: Update
Level1: Update
Engine: Update
GSM: Update
Level1: Update
Engine: Update
GSM: Update
Level1: Update
Engine: Update
GSM: Update
Level1: Update
SpriteSetFrame: frame index = 0
Engine: Update
GSM: Update
Level1: Update
Engine: Update
GSM: Update
Level1: Update
SpriteSetFrame: frame index = 1
Engine: Update
GSM: Update
Level1: Update
Engine: Update
GSM: Update
Level1: Update
Engine: Update
GSM: Update
Level1: Update
SpriteSetFrame: frame index = 2
Engine: Update
GSM: Update
Level1: Update
Engine: Update
GSM: Update
Level1: Update
Engine: Update
GSM: Update
Level1: Update
SpriteSetFrame: frame index = 3
Engine: Update
GSM: Update
Level1: Update
Engine: Update
GSM: Update
Level1: Update
Engine: Update
GSM: Update
Level1: Update
SpriteSetFrame: frame index = 4
Engine: Update
GSM: Update
Level1: Update
Engine: Update
GSM: Update
Level1: Update
Engine: Update
GSM: Update
Level1: Update
SpriteSetFrame: frame index = 5
Engine: Update
GSM: Update
Level1: Update
Engine: Update
GSM: Update
Level1: Update
Engine: Update
GSM: Update
Level1: Update
SpriteSetFrame: frame index = 0
Engine: Update
GSM: Update
Level1: Update
Engine: Update
GSM: Update
Level1: Update
Engine: Update
GSM: Update
Level1: Update
Engine: Update
GSM: Update
Level1: Update
Engine: Update
GSM: Update
Level1: Update
Engine: Update
GSM: Update
Level1: Update
Engine: Update
GSM: Update
Level1: Update
Engine: Update
GSM: Update
Level1: Update
Engine: Update
GSM: Update
Level1: Update
Engine: Update
GSM: Update
Level1: Update
Engine: Update
GSM: Update
Level1: Update
Engine: Update
GSM: Update
Level1: Update
Engine: Update
GSM: Update
Level1: Update
Engine: Update
GSM: Update
Level1: Update
Engine: Update
GSM: Update
Level1: Update
Engine: Update
GSM: Update
Level1: Update
Engine: Update
GSM: Update
Level1: Update
Engine: Update
GSM: Update
Level1: Update
Engine: Update
GSM: Update
Level1: Update
Engine: Update
GSM: Update
Level1: Update
Engine: Update
GSM: Update
Level1: Update
Engine: Update
GSM: Update
Level1: Update
Engine: Update
GSM: Update
Level1: Update
Engine: Update
GSM: Update
Level1: Update
Engine: Update
GSM: Update
Level1: Update
Engine: Update
GSM: Update
Level1: Update
Engine: Update
GSM: Update
Level1: Update
Engine: Update
GSM: Update
Level1: Update
Engine: Update
GSM: Update
Level1: Update
Engine: Update
GSM: Update
Level1: Update
Engine: Update
GSM: Update
Level1: Update
Engine: Update
GSM: Update
Level1: Update
Engine: Update
GSM: Update
Level1: Update
Engine: Update
GSM: Update
Level1: Update
Engine: Update
GSM: Update
Level1: Update
Engine: Update
GSM: Update
Level1: Update
Engine: Update
GSM: Update
Level1: Update
Engine: Update
GSM: Update
Level1: Update
Engine: Update
GSM: Update
Level1: Update
Engine: Update
GSM: Update
Level1: Update
Engine: Update
GSM: Update
Level1: Update
Engine: Update
GSM: Update
Level1: Update
Engine: Update
GSM: Update
Level1: Update
Engine: Update
GSM: Update
Level1: Update
Engine: Update
GSM: Update
Level1: Update
Engine: Update
GSM: Update
Level1: Update
Engine: Update
GSM: Update
Level1: Update
Engine: Update
GSM: Update
Level1: Update
Engine: Update
GSM: Update
Level1: Update
Engine: Update
GSM: Update
Level1: Update
Engine: Update
GSM: Update
Level1: Update
Engine: Update
GSM: Update
Level1: Update
Engine: Update
GSM: Update
Level1: Update
Engine: Update
GSM: Update
Level1: Update
Engine: Update
GSM: Update
Level1: Update
Engine: Update
GSM: Update
Level1: Update
Engine: Update
GSM: Update
Level1: Update
Engine: Update
GSM: Update
Level1: Update
Engine: Update
GSM: Update
Level1: Update
Engine: Update
GSM: Update
Level1: Update
Engine: Update
GSM: Update
Level1: Update
Engine: Update
GSM: Update
Level1: Update
Engine: Update
GSM: Update
Level1: Update
Engine: Update
GSM: Update
Level1: Update
Engine: Update
GSM: Update
Level1: Update
Engine: Update
GSM: Update
Level1: Update
Engine: Update
GSM: Update
Level1: Update
Engine: Update
GSM: Update
Level1: Update
Engine: Update
GSM: Update
Level1: Update
Engine: Update
GSM: Update
Level1: Update
Engine: Update
GSM: Update
Level1: Update
Engine: Update
GSM: Update
Level1: Update
Engine: Update
GSM: Update
Level1: Update
Engine: Update
GSM: Update
Level1: Update
Engine: Update
GSM: Update
Level1: Update
Engine: Update
GSM: Update
Level1: Update
Engine: Update
GSM: Update
Level1: Update
Engine: Update
GSM: Update
Level1: Update
Engine: Update
GSM: Update
Level1: Update
Engine: Update
GSM: Update
Level1: Update
Engine: Update
GSM: Update
Level1: Update
Engine: Update
GSM: Update
Level1: Update
Engine: Update
GSM: Update
Level1: Update
Engine: Update
GSM: Update
Level1: Update
Engine: Update
GSM: Update
Level1: Update
Engine: Update
GSM: Update
Level1: Update
Engine: Update
GSM: Update
Level1: Update
Engine: Update
GSM: Update
Level1: Update
Engine: Update
GSM: Update
Level1: Update
Engine: Update
GSM: Update
Level1: Update
Engine: Update
GSM: Update
Level1: Update
Engine: Update
GSM: Update
Level1: Update
Engine: Update
GSM: Update
Level1: Update
Engine: Update
GSM: Update
Level1: Update
Engine: Update
GSM: Update
Level1: Update
Engine: Update
GSM: Update
Level1: Update
Engine: Update
GSM: Update
Level1: Update
Engine: Update
GSM: Update
Level1: Update
Engine: Update
GSM: Update
Level1: Update
Engine: Update
GSM: Update
Level1: Update
Engine: Update
GSM: Update
Level1: Update
Engine: Update
GSM: Update
Level1: Update
Engine: Update
GSM: Update
Level1: Update
Engine: Update
GSM: Update
Level1: Update
Engine: Update
GSM: Update
Level1: Update
Engine: Update
GSM: Update
Level1: Update
Engine: Update
GSM: Update
Level1: Update
Engine: Update
GSM: Update
Level1: Update
Engine: Update
GSM: Update
Level1: Update
Engine: Update
GSM: Update
Level1: Update
Engine: Update
GSM: Update
Level1: Update
Engine: Update
GSM: Update
Level1: Update
Engine: Update
GSM: Update
Level1: Update
Engine: Update
GSM: Update
Level1: Update
Engine: Update
GSM: Update
Level1: Update
Engine: Update
GSM: Update
Level1: Update
Engine: Update
GSM: Update
Level1: Update
Engine: Update
GSM: Update
Level1: Update
Engine: Update
GSM: Update
Level1: Update
Engine: Update
GSM: Update
Level1: Update
Engine: Update
GSM: Update
Level1: Update
Engine: Update
GSM: Update
Level1: Update
Engine: Update
GSM: Update
Level1: Update
Engine: Update
GSM: Update
Level1: Update
Engine: Update
GSM: Update
Level1: Update
Engine: Update
GSM: Update
Level1: Update
Engine: Update
GSM: Update
Level1: Update
Engine: Update
GSM: Update
Level1: Update
Engine: Update
GSM: Update
Level1: Update
Engine: Update
GSM: Update
Level1: Update
Engine: Update
GSM: Update
Level1: Update
Engine: Update
GSM: Update
Level1: Update
Engine: Update
GSM: Update
Level1: Update
Engine: Update
GSM: Update
Level1: Update
Engine: Update
GSM: Update
Level1: Update
Engine: Update
GSM: Update
Level1: Update
Engine: Update
GSM: Update
Level1: Update
Engine: Update
GSM: Update
Level1: Update
Engine: Update
GSM: Update
Level1: Update
Engine: Update
GSM: Update
Level1: Update
Engine: Update
GSM: Update
Level1: Update
Engine: Update
GSM: Update
Level1: Update
Engine: Update
GSM: Update
Level1: Update
Engine: Update
GSM: Update
Level1: Update
Engine: Update
GSM: Update
Level1: Update
Engine: Update
GSM: Update
Level1: Update
Engine: Update
GSM: Update
Level1: Update
Engine: Update
GSM: Update
Level1: Update
Engine: Update
GSM: Update
Level1: Shutdown
Level1: Unload
Engine: Shutdown
GSM: Shutdown
